# JRE version: OpenJDK Runtime Environment (8.0_152-b02) (build 1.8.0_152-release-1024-b02)
# Java VM: OpenJDK 64-Bit Server VM (25.152-b02 mixed mode windows-amd64 compressed oops)
Heap:
 PSYoungGen      total 479232K, used 105963K [0x00000000e0000000, 0x0000000100000000, 0x0000000100000000)
  eden space 457728K, 23% used [0x00000000e0000000,0x00000000e677afc8,0x00000000fbf00000)
  from space 21504K, 0% used [0x00000000feb00000,0x00000000feb00000,0x0000000100000000)
  to   space 33280K, 0% used [0x00000000fbf00000,0x00000000fbf00000,0x00000000fdf80000)
 ParOldGen       total 144896K, used 109755K [0x00000000a0000000, 0x00000000a8d80000, 0x00000000e0000000)
  object space 144896K, 75% used [0x00000000a0000000,0x00000000a6b2ee68,0x00000000a8d80000)
 Metaspace       used 134005K, capacity 141100K, committed 141272K, reserved 1171456K
  class space    used 17151K, capacity 18652K, committed 18688K, reserved 1048576K
GC Heap History (10 events):
Event: 843.835 GC heap before
{Heap before GC invocations=29 (full 4):
 PSYoungGen      total 416768K, used 403569K [0x00000000e0000000, 0x00000000fb000000, 0x0000000100000000)
  eden space 391680K, 100% used [0x00000000e0000000,0x00000000f7e80000,0x00000000f7e80000)
  from space 25088K, 47% used [0x00000000f9600000,0x00000000fa19c750,0x00000000fae80000)
  to   space 24064K, 0% used [0x00000000f7e80000,0x00000000f7e80000,0x00000000f9600000)
 ParOldGen       total 144896K, used 87224K [0x00000000a0000000, 0x00000000a8d80000, 0x00000000e0000000)
  object space 144896K, 60% used [0x00000000a0000000,0x00000000a552e270,0x00000000a8d80000)
 Metaspace       used 104235K, capacity 108948K, committed 109016K, reserved 1144832K
  class space    used 13272K, capacity 14319K, committed 14336K, reserved 1048576K
Event: 843.952 GC heap after
Heap after GC invocations=29 (full 4):
 PSYoungGen      total 415744K, used 7104K [0x00000000e0000000, 0x00000000ffb00000, 0x0000000100000000)
  eden space 391680K, 0% used [0x00000000e0000000,0x00000000e0000000,0x00000000f7e80000)
  from space 24064K, 29% used [0x00000000f7e80000,0x00000000f8570010,0x00000000f9600000)
  to   space 23552K, 0% used [0x00000000fe400000,0x00000000fe400000,0x00000000ffb00000)
 ParOldGen       total 144896K, used 97274K [0x00000000a0000000, 0x00000000a8d80000, 0x00000000e0000000)
  object space 144896K, 67% used [0x00000000a0000000,0x00000000a5efeb68,0x00000000a8d80000)
 Metaspace       used 104235K, capacity 108948K, committed 109016K, reserved 1144832K
  class space    used 13272K, capacity 14319K, committed 14336K, reserved 1048576K
}
Event: 874.887 GC heap before
{Heap before GC invocations=30 (full 4):
 PSYoungGen      total 415744K, used 397993K [0x00000000e0000000, 0x00000000ffb00000, 0x0000000100000000)
  eden space 391680K, 99% used [0x00000000e0000000,0x00000000f7dba570,0x00000000f7e80000)
  from space 24064K, 29% used [0x00000000f7e80000,0x00000000f8570010,0x00000000f9600000)
  to   space 23552K, 0% used [0x00000000fe400000,0x00000000fe400000,0x00000000ffb00000)
 ParOldGen       total 144896K, used 97274K [0x00000000a0000000, 0x00000000a8d80000, 0x00000000e0000000)
  object space 144896K, 67% used [0x00000000a0000000,0x00000000a5efeb68,0x00000000a8d80000)
 Metaspace       used 105276K, capacity 110156K, committed 110296K, reserved 1144832K
  class space    used 13387K, capacity 14459K, committed 14592K, reserved 1048576K
Event: 874.944 GC heap after
Heap after GC invocations=30 (full 4):
 PSYoungGen      total 478208K, used 9371K [0x00000000e0000000, 0x00000000ff180000, 0x0000000100000000)
  eden space 464384K, 0% used [0x00000000e0000000,0x00000000e0000000,0x00000000fc580000)
  from space 13824K, 67% used [0x00000000fe400000,0x00000000fed26c48,0x00000000ff180000)
  to   space 22528K, 0% used [0x00000000fc580000,0x00000000fc580000,0x00000000fdb80000)
 ParOldGen       total 144896K, used 101976K [0x00000000a0000000, 0x00000000a8d80000, 0x00000000e0000000)
  object space 144896K, 70% used [0x00000000a0000000,0x00000000a63962c8,0x00000000a8d80000)
 Metaspace       used 105276K, capacity 110156K, committed 110296K, reserved 1144832K
  class space    used 13387K, capacity 14459K, committed 14592K, reserved 1048576K
}
Event: 1277.696 GC heap before
{Heap before GC invocations=31 (full 4):
 PSYoungGen      total 478208K, used 473755K [0x00000000e0000000, 0x00000000ff180000, 0x0000000100000000)
  eden space 464384K, 100% used [0x00000000e0000000,0x00000000fc580000,0x00000000fc580000)
  from space 13824K, 67% used [0x00000000fe400000,0x00000000fed26c48,0x00000000ff180000)
  to   space 22528K, 0% used [0x00000000fc580000,0x00000000fc580000,0x00000000fdb80000)
 ParOldGen       total 144896K, used 101976K [0x00000000a0000000, 0x00000000a8d80000, 0x00000000e0000000)
  object space 144896K, 70% used [0x00000000a0000000,0x00000000a63962c8,0x00000000a8d80000)
 Metaspace       used 110188K, capacity 115482K, committed 115800K, reserved 1150976K
  class space    used 13986K, capacity 15140K, committed 15232K, reserved 1048576K
Event: 1281.668 GC heap after
Heap after GC invocations=31 (full 4):
 PSYoungGen      total 486912K, used 9151K [0x00000000e0000000, 0x0000000100000000, 0x0000000100000000)
  eden space 464384K, 0% used [0x00000000e0000000,0x00000000e0000000,0x00000000fc580000)
  from space 22528K, 40% used [0x00000000fc580000,0x00000000fce6fe50,0x00000000fdb80000)
  to   space 21504K, 0% used [0x00000000feb00000,0x00000000feb00000,0x0000000100000000)
 ParOldGen       total 144896K, used 105680K [0x00000000a0000000, 0x00000000a8d80000, 0x00000000e0000000)
  object space 144896K, 72% used [0x00000000a0000000,0x00000000a6734200,0x00000000a8d80000)
 Metaspace       used 110188K, capacity 115482K, committed 115800K, reserved 1150976K
  class space    used 13986K, capacity 15140K, committed 15232K, reserved 1048576K
}
Event: 1416.476 GC heap before
{Heap before GC invocations=32 (full 4):
 PSYoungGen      total 486912K, used 473535K [0x00000000e0000000, 0x0000000100000000, 0x0000000100000000)
  eden space 464384K, 100% used [0x00000000e0000000,0x00000000fc580000,0x00000000fc580000)
  from space 22528K, 40% used [0x00000000fc580000,0x00000000fce6fe50,0x00000000fdb80000)
  to   space 21504K, 0% used [0x00000000feb00000,0x00000000feb00000,0x0000000100000000)
 ParOldGen       total 144896K, used 105680K [0x00000000a0000000, 0x00000000a8d80000, 0x00000000e0000000)
  object space 144896K, 72% used [0x00000000a0000000,0x00000000a6734200,0x00000000a8d80000)
 Metaspace       used 132708K, capacity 139950K, committed 140120K, reserved 1171456K
  class space    used 17023K, capacity 18531K, committed 18560K, reserved 1048576K
Event: 1417.266 GC heap after
Heap after GC invocations=32 (full 4):
 PSYoungGen      total 479232K, used 21482K [0x00000000e0000000, 0x0000000100000000, 0x0000000100000000)
  eden space 457728K, 0% used [0x00000000e0000000,0x00000000e0000000,0x00000000fbf00000)
  from space 21504K, 99% used [0x00000000feb00000,0x00000000ffffa9e0,0x0000000100000000)
  to   space 33280K, 0% used [0x00000000fbf00000,0x00000000fbf00000,0x00000000fdf80000)
 ParOldGen       total 144896K, used 130062K [0x00000000a0000000, 0x00000000a8d80000, 0x00000000e0000000)
  object space 144896K, 89% used [0x00000000a0000000,0x00000000a7f03bb8,0x00000000a8d80000)
 Metaspace       used 132708K, capacity 139950K, committed 140120K, reserved 1171456K
  class space    used 17023K, capacity 18531K, committed 18560K, reserved 1048576K
}
Event: 1417.294 GC heap before
{Heap before GC invocations=33 (full 5):
 PSYoungGen      total 479232K, used 21482K [0x00000000e0000000, 0x0000000100000000, 0x0000000100000000)
  eden space 457728K, 0% used [0x00000000e0000000,0x00000000e0000000,0x00000000fbf00000)
  from space 21504K, 99% used [0x00000000feb00000,0x00000000ffffa9e0,0x0000000100000000)
  to   space 33280K, 0% used [0x00000000fbf00000,0x00000000fbf00000,0x00000000fdf80000)
 ParOldGen       total 144896K, used 130062K [0x00000000a0000000, 0x00000000a8d80000, 0x00000000e0000000)
  object space 144896K, 89% used [0x00000000a0000000,0x00000000a7f03bb8,0x00000000a8d80000)
 Metaspace       used 132708K, capacity 139950K, committed 140120K, reserved 1171456K
  class space    used 17023K, capacity 18531K, committed 18560K, reserved 1048576K
Event: 1492.948 GC heap after
Heap after GC invocations=33 (full 5):
 PSYoungGen      total 479232K, used 0K [0x00000000e0000000, 0x0000000100000000, 0x0000000100000000)
  eden space 457728K, 0% used [0x00000000e0000000,0x00000000e0000000,0x00000000fbf00000)
  from space 21504K, 0% used [0x00000000feb00000,0x00000000feb00000,0x0000000100000000)
  to   space 33280K, 0% used [0x00000000fbf00000,0x00000000fbf00000,0x00000000fdf80000)
 ParOldGen       total 144896K, used 109755K [0x00000000a0000000, 0x00000000a8d80000, 0x00000000e0000000)
  object space 144896K, 75% used [0x00000000a0000000,0x00000000a6b2ee68,0x00000000a8d80000)
 Metaspace       used 132636K, capacity 139692K, committed 140120K, reserved 1171456K
  class space    used 17001K, capacity 18500K, committed 18560K, reserved 1048576K
}

